
*** Running vivado
    with args -log Exp3_Exp3_fa2_0_1.vds -m64 -product Vivado -mode batch -messageDb vivado.pb -notrace -source Exp3_Exp3_fa2_0_1.tcl



****** Vivado v2024.1 (64-bit)
  **** SW Build 5076996 on Wed May 22 18:37:14 MDT 2024
  **** IP Build 5075265 on Wed May 22 21:45:21 MDT 2024
  **** SharedData Build 5076995 on Wed May 22 18:29:18 MDT 2024
  **** Start of session at: Tue Aug 27 20:17:15 2024
    ** Copyright 1986-2022 Xilinx, Inc. All Rights Reserved.
    ** Copyright 2022-2024 Advanced Micro Devices, Inc. All Rights Reserved.

source Exp3_Exp3_fa2_0_1.tcl -notrace
create_project: Time (s): cpu = 00:00:03 ; elapsed = 00:00:05 . Memory (MB): peak = 501.980 ; gain = 201.031
INFO: [IP_Flow 19-234] Refreshing IP repositories
INFO: [IP_Flow 19-1700] Loaded user IP repository 'd:/MyIpRepo/Exp3_fa2_ip'.
INFO: [IP_Flow 19-2313] Loaded Vivado IP repository 'D:/Xilinx/Vivado/2024.1/data/ip'.
INFO: [IP_Flow 19-6924] IPCACHE: Running cache check for IP inst: Exp3_Exp3_fa2_0_1
INFO: [IP_Flow 19-6922] IPCACHE: Exporting cached entry 67a461dd57697b3c to dir: D:/MyCode/hd2/Exp3/Exp3.runs/Exp3_Exp3_fa2_0_1_synth_1
INFO: [IP_Flow 19-6928] IPCACHE: copied cached file d:/MyCode/hd2/Exp3/Exp3.cache/ip/2024.1/6/7/67a461dd57697b3c/Exp3_Exp3_fa2_0_0.dcp to D:/MyCode/hd2/Exp3/Exp3.runs/Exp3_Exp3_fa2_0_1_synth_1/Exp3_Exp3_fa2_0_1.dcp.
INFO: [IP_Flow 19-6928] IPCACHE: copied cached file d:/MyCode/hd2/Exp3/Exp3.cache/ip/2024.1/6/7/67a461dd57697b3c/Exp3_Exp3_fa2_0_0_sim_netlist.v to D:/MyCode/hd2/Exp3/Exp3.runs/Exp3_Exp3_fa2_0_1_synth_1/Exp3_Exp3_fa2_0_1_sim_netlist.v.
INFO: [IP_Flow 19-6928] IPCACHE: copied cached file d:/MyCode/hd2/Exp3/Exp3.cache/ip/2024.1/6/7/67a461dd57697b3c/Exp3_Exp3_fa2_0_0_sim_netlist.vhdl to D:/MyCode/hd2/Exp3/Exp3.runs/Exp3_Exp3_fa2_0_1_synth_1/Exp3_Exp3_fa2_0_1_sim_netlist.vhdl.
INFO: [IP_Flow 19-6928] IPCACHE: copied cached file d:/MyCode/hd2/Exp3/Exp3.cache/ip/2024.1/6/7/67a461dd57697b3c/Exp3_Exp3_fa2_0_0_stub.v to D:/MyCode/hd2/Exp3/Exp3.runs/Exp3_Exp3_fa2_0_1_synth_1/Exp3_Exp3_fa2_0_1_stub.v.
INFO: [IP_Flow 19-6928] IPCACHE: copied cached file d:/MyCode/hd2/Exp3/Exp3.cache/ip/2024.1/6/7/67a461dd57697b3c/Exp3_Exp3_fa2_0_0_stub.vhdl to D:/MyCode/hd2/Exp3/Exp3.runs/Exp3_Exp3_fa2_0_1_synth_1/Exp3_Exp3_fa2_0_1_stub.vhdl.
INFO: [IP_Flow 19-4838] Using cached IP synthesis design for IP Exp3_Exp3_fa2_0_1, cache-ID = 67a461dd57697b3c.
INFO: [Common 17-206] Exiting Vivado at Tue Aug 27 20:17:22 2024...
