Vivado Simulator v2024.1
Copyright 1986-2022 Xilinx, Inc. All Rights Reserved.
Copyright 2022-2024 Advanced Micro Devices, Inc. All Rights Reserved.
Running: D:/Xilinx/Vivado/2024.1/bin/unwrapped/win64.o/xelab.exe --incr --debug typical --relax --mt 2 -L xil_defaultlib -L unisims_ver -L unimacro_ver -L secureip -L xpm --snapshot demux4_tb_behav xil_defaultlib.demux4_tb xil_defaultlib.glbl -log elaborate.log 
Using 2 slave threads.
Starting static elaboration
Pass Through NonSizing Optimizer
Completed static elaboration
Starting simulation data flow analysis
Completed simulation data flow analysis
Time Resolution for simulation is 1ps
Compiling module xil_defaultlib.demux2
Compiling module xil_defaultlib.demux4_demux2_0_0
Compiling module xil_defaultlib.demux4_demux2_0_1
Compiling module xil_defaultlib.demux4_demux2_0_2
Compiling module xil_defaultlib.demux4
Compiling module xil_defaultlib.demux4_wrapper
Compiling module xil_defaultlib.demux4_tb
Compiling module xil_defaultlib.glbl
Built simulation snapshot demux4_tb_behav
