
*** Running vivado
    with args -log Exp3_wrapper.vds -m64 -product Vivado -mode batch -messageDb vivado.pb -notrace -source Exp3_wrapper.tcl



****** Vivado v2024.1 (64-bit)
  **** SW Build 5076996 on Wed May 22 18:37:14 MDT 2024
  **** IP Build 5075265 on Wed May 22 21:45:21 MDT 2024
  **** SharedData Build 5076995 on Wed May 22 18:29:18 MDT 2024
  **** Start of session at: Wed Aug 28 08:56:02 2024
    ** Copyright 1986-2022 Xilinx, Inc. All Rights Reserved.
    ** Copyright 2022-2024 Advanced Micro Devices, Inc. All Rights Reserved.

source Exp3_wrapper.tcl -notrace
create_project: Time (s): cpu = 00:00:02 ; elapsed = 00:00:05 . Memory (MB): peak = 502.039 ; gain = 201.895
INFO: [IP_Flow 19-234] Refreshing IP repositories
INFO: [IP_Flow 19-1700] Loaded user IP repository 'd:/MyIpRepo/Exp3_fa2_ip'.
INFO: [IP_Flow 19-2313] Loaded Vivado IP repository 'D:/Xilinx/Vivado/2024.1/data/ip'.
Command: read_checkpoint -auto_incremental -incremental D:/MyCode/hd2/Exp3/Exp3.srcs/utils_1/imports/synth_1/Exp3_wrapper.dcp
INFO: [Vivado 12-5825] Read reference checkpoint from D:/MyCode/hd2/Exp3/Exp3.srcs/utils_1/imports/synth_1/Exp3_wrapper.dcp for incremental synthesis
INFO: [Vivado 12-7989] Please ensure there are no constraint changes
Command: synth_design -top Exp3_wrapper -part xc7z020clg484-2
Starting synth_design
Attempting to get a license for feature 'Synthesis' and/or device 'xc7z020'
INFO: [Common 17-349] Got license for feature 'Synthesis' and/or device 'xc7z020'
INFO: [Device 21-403] Loading part xc7z020clg484-2
INFO: [Device 21-9227] Part: xc7z020clg484-2 does not have CEAM library.
INFO: [Designutils 20-5440] No compile time benefit to using incremental synthesis; A full resynthesis will be run
INFO: [Designutils 20-4379] Flow is switching to default flow due to incremental criteria not met. If you would like to alter this behaviour and have the flow terminate instead, please set the following parameter config_implementation {autoIncr.Synth.RejectBehavior Terminate}
INFO: [Synth 8-7079] Multithreading enabled for synth_design using a maximum of 2 processes.
INFO: [Synth 8-7078] Launching helper process for spawning children vivado processes
INFO: [Synth 8-7075] Helper process launched with PID 10104
---------------------------------------------------------------------------------
Starting RTL Elaboration : Time (s): cpu = 00:00:02 ; elapsed = 00:00:03 . Memory (MB): peak = 1392.965 ; gain = 449.551
---------------------------------------------------------------------------------
INFO: [Synth 8-6157] synthesizing module 'Exp3_wrapper' [D:/MyCode/hd2/Exp3/Exp3.gen/sources_1/bd/Exp3/hdl/Exp3_wrapper.v:3]
INFO: [Synth 8-6157] synthesizing module 'Exp3' [d:/MyCode/hd2/Exp3/Exp3.gen/sources_1/bd/Exp3/synth/Exp3.v:13]
INFO: [Synth 8-6157] synthesizing module 'Exp3_Exp3_fa2_0_0' [D:/MyCode/hd2/Exp3/Exp3.runs/synth_1/.Xil/Vivado-10988-DESKTOP-0M9PCUG/realtime/Exp3_Exp3_fa2_0_0_stub.v:6]
INFO: [Synth 8-6155] done synthesizing module 'Exp3_Exp3_fa2_0_0' (0#1) [D:/MyCode/hd2/Exp3/Exp3.runs/synth_1/.Xil/Vivado-10988-DESKTOP-0M9PCUG/realtime/Exp3_Exp3_fa2_0_0_stub.v:6]
INFO: [Synth 8-6157] synthesizing module 'Exp3_Exp3_fa2_0_1' [D:/MyCode/hd2/Exp3/Exp3.runs/synth_1/.Xil/Vivado-10988-DESKTOP-0M9PCUG/realtime/Exp3_Exp3_fa2_0_1_stub.v:6]
INFO: [Synth 8-6155] done synthesizing module 'Exp3_Exp3_fa2_0_1' (0#1) [D:/MyCode/hd2/Exp3/Exp3.runs/synth_1/.Xil/Vivado-10988-DESKTOP-0M9PCUG/realtime/Exp3_Exp3_fa2_0_1_stub.v:6]
INFO: [Synth 8-6155] done synthesizing module 'Exp3' (0#1) [d:/MyCode/hd2/Exp3/Exp3.gen/sources_1/bd/Exp3/synth/Exp3.v:13]
INFO: [Synth 8-6155] done synthesizing module 'Exp3_wrapper' (0#1) [D:/MyCode/hd2/Exp3/Exp3.gen/sources_1/bd/Exp3/hdl/Exp3_wrapper.v:3]
---------------------------------------------------------------------------------
Finished RTL Elaboration : Time (s): cpu = 00:00:03 ; elapsed = 00:00:04 . Memory (MB): peak = 1501.695 ; gain = 558.281
---------------------------------------------------------------------------------
---------------------------------------------------------------------------------
Start Handling Custom Attributes
---------------------------------------------------------------------------------
---------------------------------------------------------------------------------
Finished Handling Custom Attributes : Time (s): cpu = 00:00:03 ; elapsed = 00:00:04 . Memory (MB): peak = 1501.695 ; gain = 558.281
---------------------------------------------------------------------------------
---------------------------------------------------------------------------------
Finished RTL Optimization Phase 1 : Time (s): cpu = 00:00:03 ; elapsed = 00:00:04 . Memory (MB): peak = 1501.695 ; gain = 558.281
---------------------------------------------------------------------------------
Netlist sorting complete. Time (s): cpu = 00:00:00 ; elapsed = 00:00:00 . Memory (MB): peak = 1501.695 ; gain = 0.000
INFO: [Project 1-570] Preparing netlist for logic optimization

Processing XDC Constraints
Initializing timing engine
Parsing XDC File [d:/MyCode/hd2/Exp3/Exp3.gen/sources_1/bd/Exp3/ip/Exp3_Exp3_fa2_0_0/Exp3_Exp3_fa2_0_0/Exp3_Exp3_fa2_0_0_in_context.xdc] for cell 'Exp3_i/Exp3_fa2_0'
Finished Parsing XDC File [d:/MyCode/hd2/Exp3/Exp3.gen/sources_1/bd/Exp3/ip/Exp3_Exp3_fa2_0_0/Exp3_Exp3_fa2_0_0/Exp3_Exp3_fa2_0_0_in_context.xdc] for cell 'Exp3_i/Exp3_fa2_0'
Parsing XDC File [d:/MyCode/hd2/Exp3/Exp3.gen/sources_1/bd/Exp3/ip/Exp3_Exp3_fa2_0_1/Exp3_Exp3_fa2_0_1/Exp3_Exp3_fa2_0_0_in_context.xdc] for cell 'Exp3_i/Exp3_fa2_1'
Finished Parsing XDC File [d:/MyCode/hd2/Exp3/Exp3.gen/sources_1/bd/Exp3/ip/Exp3_Exp3_fa2_0_1/Exp3_Exp3_fa2_0_1/Exp3_Exp3_fa2_0_0_in_context.xdc] for cell 'Exp3_i/Exp3_fa2_1'
Parsing XDC File [D:/MyCode/hd2/Exp3/Exp3.srcs/constrs_1/new/Exp3.xdc]
Finished Parsing XDC File [D:/MyCode/hd2/Exp3/Exp3.srcs/constrs_1/new/Exp3.xdc]
INFO: [Project 1-236] Implementation specific constraints were found while reading constraint file [D:/MyCode/hd2/Exp3/Exp3.srcs/constrs_1/new/Exp3.xdc]. These constraints will be ignored for synthesis but will be used in implementation. Impacted constraints are listed in the file [.Xil/Exp3_wrapper_propImpl.xdc].
Resolution: To avoid this warning, move constraints listed in [.Xil/Exp3_wrapper_propImpl.xdc] to another XDC file and exclude this new file from synthesis with the used_in_synthesis property (File Properties dialog in GUI) and re-run elaboration/synthesis.
Parsing XDC File [D:/MyCode/hd2/Exp3/Exp3.runs/synth_1/dont_touch.xdc]
Finished Parsing XDC File [D:/MyCode/hd2/Exp3/Exp3.runs/synth_1/dont_touch.xdc]
Completed Processing XDC Constraints

Netlist sorting complete. Time (s): cpu = 00:00:00 ; elapsed = 00:00:00 . Memory (MB): peak = 1501.695 ; gain = 0.000
INFO: [Project 1-111] Unisim Transformation Summary:
No Unisim elements were transformed.

Constraint Validation Runtime : Time (s): cpu = 00:00:00 ; elapsed = 00:00:00.001 . Memory (MB): peak = 1501.695 ; gain = 0.000
INFO: [Designutils 20-5440] No compile time benefit to using incremental synthesis; A full resynthesis will be run
INFO: [Designutils 20-4379] Flow is switching to default flow due to incremental criteria not met. If you would like to alter this behaviour and have the flow terminate instead, please set the following parameter config_implementation {autoIncr.Synth.RejectBehavior Terminate}
---------------------------------------------------------------------------------
Finished Constraint Validation : Time (s): cpu = 00:00:07 ; elapsed = 00:00:09 . Memory (MB): peak = 1501.695 ; gain = 558.281
---------------------------------------------------------------------------------
---------------------------------------------------------------------------------
Start Loading Part and Timing Information
---------------------------------------------------------------------------------
Loading part: xc7z020clg484-2
---------------------------------------------------------------------------------
Finished Loading Part and Timing Information : Time (s): cpu = 00:00:07 ; elapsed = 00:00:09 . Memory (MB): peak = 1501.695 ; gain = 558.281
---------------------------------------------------------------------------------
---------------------------------------------------------------------------------
Start Applying 'set_property' XDC Constraints
---------------------------------------------------------------------------------
Applied set_property KEEP_HIERARCHY = SOFT for Exp3_i. (constraint file  auto generated constraint).
Applied set_property KEEP_HIERARCHY = SOFT for Exp3_i/Exp3_fa2_0. (constraint file  auto generated constraint).
Applied set_property KEEP_HIERARCHY = SOFT for Exp3_i/Exp3_fa2_1. (constraint file  auto generated constraint).
---------------------------------------------------------------------------------
Finished applying 'set_property' XDC Constraints : Time (s): cpu = 00:00:07 ; elapsed = 00:00:09 . Memory (MB): peak = 1501.695 ; gain = 558.281
---------------------------------------------------------------------------------
---------------------------------------------------------------------------------
Finished RTL Optimization Phase 2 : Time (s): cpu = 00:00:07 ; elapsed = 00:00:09 . Memory (MB): peak = 1501.695 ; gain = 558.281
---------------------------------------------------------------------------------
---------------------------------------------------------------------------------
Start RTL Component Statistics 
---------------------------------------------------------------------------------
Detailed RTL Component Info : 
---------------------------------------------------------------------------------
Finished RTL Component Statistics 
---------------------------------------------------------------------------------
---------------------------------------------------------------------------------
Start Part Resource Summary
---------------------------------------------------------------------------------
Part Resources:
DSPs: 220 (col length:60)
BRAMs: 280 (col length: RAMB18 60 RAMB36 30)
---------------------------------------------------------------------------------
Finished Part Resource Summary
---------------------------------------------------------------------------------
---------------------------------------------------------------------------------
Start Cross Boundary and Area Optimization
---------------------------------------------------------------------------------
WARNING: [Synth 8-7080] Parallel synthesis criteria is not met
---------------------------------------------------------------------------------
Finished Cross Boundary and Area Optimization : Time (s): cpu = 00:00:08 ; elapsed = 00:00:10 . Memory (MB): peak = 1501.695 ; gain = 558.281
---------------------------------------------------------------------------------
---------------------------------------------------------------------------------
Start Applying XDC Timing Constraints
---------------------------------------------------------------------------------
---------------------------------------------------------------------------------
Finished Applying XDC Timing Constraints : Time (s): cpu = 00:00:11 ; elapsed = 00:00:14 . Memory (MB): peak = 1501.695 ; gain = 558.281
---------------------------------------------------------------------------------
---------------------------------------------------------------------------------
Start Timing Optimization
---------------------------------------------------------------------------------
---------------------------------------------------------------------------------
Finished Timing Optimization : Time (s): cpu = 00:00:11 ; elapsed = 00:00:14 . Memory (MB): peak = 1501.695 ; gain = 558.281
---------------------------------------------------------------------------------
---------------------------------------------------------------------------------
Start Technology Mapping
---------------------------------------------------------------------------------
---------------------------------------------------------------------------------
Finished Technology Mapping : Time (s): cpu = 00:00:11 ; elapsed = 00:00:14 . Memory (MB): peak = 1501.695 ; gain = 558.281
---------------------------------------------------------------------------------
---------------------------------------------------------------------------------
Start IO Insertion
---------------------------------------------------------------------------------
---------------------------------------------------------------------------------
Start Flattening Before IO Insertion
---------------------------------------------------------------------------------
---------------------------------------------------------------------------------
Finished Flattening Before IO Insertion
---------------------------------------------------------------------------------
---------------------------------------------------------------------------------
Start Final Netlist Cleanup
---------------------------------------------------------------------------------
---------------------------------------------------------------------------------
Finished Final Netlist Cleanup
---------------------------------------------------------------------------------
---------------------------------------------------------------------------------
Finished IO Insertion : Time (s): cpu = 00:00:14 ; elapsed = 00:00:17 . Memory (MB): peak = 1501.695 ; gain = 558.281
---------------------------------------------------------------------------------
---------------------------------------------------------------------------------
Start Renaming Generated Instances
---------------------------------------------------------------------------------
---------------------------------------------------------------------------------
Finished Renaming Generated Instances : Time (s): cpu = 00:00:14 ; elapsed = 00:00:17 . Memory (MB): peak = 1501.695 ; gain = 558.281
---------------------------------------------------------------------------------
---------------------------------------------------------------------------------
Start Rebuilding User Hierarchy
---------------------------------------------------------------------------------
---------------------------------------------------------------------------------
Finished Rebuilding User Hierarchy : Time (s): cpu = 00:00:14 ; elapsed = 00:00:17 . Memory (MB): peak = 1501.695 ; gain = 558.281
---------------------------------------------------------------------------------
---------------------------------------------------------------------------------
Start Renaming Generated Ports
---------------------------------------------------------------------------------
---------------------------------------------------------------------------------
Finished Renaming Generated Ports : Time (s): cpu = 00:00:14 ; elapsed = 00:00:17 . Memory (MB): peak = 1501.695 ; gain = 558.281
---------------------------------------------------------------------------------
---------------------------------------------------------------------------------
Start Handling Custom Attributes
---------------------------------------------------------------------------------
---------------------------------------------------------------------------------
Finished Handling Custom Attributes : Time (s): cpu = 00:00:14 ; elapsed = 00:00:17 . Memory (MB): peak = 1501.695 ; gain = 558.281
---------------------------------------------------------------------------------
---------------------------------------------------------------------------------
Start Renaming Generated Nets
---------------------------------------------------------------------------------
---------------------------------------------------------------------------------
Finished Renaming Generated Nets : Time (s): cpu = 00:00:14 ; elapsed = 00:00:17 . Memory (MB): peak = 1501.695 ; gain = 558.281
---------------------------------------------------------------------------------
---------------------------------------------------------------------------------
Start Writing Synthesis Report
---------------------------------------------------------------------------------

Report BlackBoxes: 
+------+------------------+----------+
|      |BlackBox name     |Instances |
+------+------------------+----------+
|1     |Exp3_Exp3_fa2_0_0 |         1|
|2     |Exp3_Exp3_fa2_0_1 |         1|
+------+------------------+----------+

Report Cell Usage: 
+------+----------------+------+
|      |Cell            |Count |
+------+----------------+------+
|1     |Exp3_Exp3_fa2_0 |     2|
|3     |IBUF            |     9|
|4     |OBUF            |     5|
+------+----------------+------+
---------------------------------------------------------------------------------
Finished Writing Synthesis Report : Time (s): cpu = 00:00:14 ; elapsed = 00:00:17 . Memory (MB): peak = 1501.695 ; gain = 558.281
---------------------------------------------------------------------------------
Synthesis finished with 0 errors, 0 critical warnings and 1 warnings.
Synthesis Optimization Runtime : Time (s): cpu = 00:00:10 ; elapsed = 00:00:16 . Memory (MB): peak = 1501.695 ; gain = 558.281
Synthesis Optimization Complete : Time (s): cpu = 00:00:14 ; elapsed = 00:00:17 . Memory (MB): peak = 1501.695 ; gain = 558.281
INFO: [Project 1-571] Translating synthesized netlist
Netlist sorting complete. Time (s): cpu = 00:00:00 ; elapsed = 00:00:00 . Memory (MB): peak = 1501.695 ; gain = 0.000
INFO: [Project 1-570] Preparing netlist for logic optimization
INFO: [Opt 31-138] Pushed 0 inverter(s) to 0 load pin(s).
Netlist sorting complete. Time (s): cpu = 00:00:00 ; elapsed = 00:00:00 . Memory (MB): peak = 1501.695 ; gain = 0.000
INFO: [Project 1-111] Unisim Transformation Summary:
No Unisim elements were transformed.

Synth Design complete | Checksum: b942cadb
INFO: [Common 17-83] Releasing license: Synthesis
31 Infos, 1 Warnings, 0 Critical Warnings and 0 Errors encountered.
synth_design completed successfully
synth_design: Time (s): cpu = 00:00:17 ; elapsed = 00:00:21 . Memory (MB): peak = 1501.695 ; gain = 986.590
Write ShapeDB Complete: Time (s): cpu = 00:00:00 ; elapsed = 00:00:00 . Memory (MB): peak = 1501.695 ; gain = 0.000
INFO: [Common 17-1381] The checkpoint 'D:/MyCode/hd2/Exp3/Exp3.runs/synth_1/Exp3_wrapper.dcp' has been generated.
INFO: [Vivado 12-24828] Executing command : report_utilization -file Exp3_wrapper_utilization_synth.rpt -pb Exp3_wrapper_utilization_synth.pb
INFO: [Common 17-206] Exiting Vivado at Wed Aug 28 08:56:30 2024...
