Copyright 1986-2022 Xilinx, Inc. All Rights Reserved. Copyright 2022-2024 Advanced Micro Devices, Inc. All Rights Reserved.
---------------------------------------------------------------------------------------------------------------------------------------------
| Tool Version : Vivado v.2024.1 (win64) Build 5076996 Wed May 22 18:37:14 MDT 2024
| Date         : Thu Jul 11 13:45:43 2024
| Host         : DESKTOP-0M9PCUG running 64-bit major release  (build 9200)
| Command      : upgrade_ip
| Device       : xc7z020clg484-2
---------------------------------------------------------------------------------------------------------------------------------------------

Upgrade Log for IP 'mux4_mux2_0_2'

1. Summary
----------

CAUTION (success, with warnings) in the update of mux4_mux2_0_2 (xilinx.com:user:mux2:1.0 (Rev. 2)) to current project options.

After upgrade, an IP may have parameter and port differences compared to the original customization. Please review the parameters within the IP customization GUI to ensure proper functionality. Also, please review the updated IP instantiation template to ensure proper connectivity, and update your design if required.

2. Connection Warnings
----------------------

Detected external port differences while upgrading 'mux4_mux2_0_2'. These changes may impact your design.


-Upgrade has renamed port 'a' as 'A'

-Upgrade has renamed port 'b' as 'B'

-Upgrade has removed port 'out'

-Upgrade has removed port 'sl'

-Upgrade has added port 'S'

-Upgrade has added port 'Y'







Copyright 1986-2022 Xilinx, Inc. All Rights Reserved. Copyright 2022-2024 Advanced Micro Devices, Inc. All Rights Reserved.
---------------------------------------------------------------------------------------------------------------------------------------------
| Tool Version : Vivado v.2024.1 (win64) Build 5076996 Wed May 22 18:37:14 MDT 2024
| Date         : Thu Jul 11 13:45:43 2024
| Host         : DESKTOP-0M9PCUG running 64-bit major release  (build 9200)
| Command      : upgrade_ip
| Device       : xc7z020clg484-2
---------------------------------------------------------------------------------------------------------------------------------------------

Upgrade Log for IP 'mux4_mux2_0_1'

1. Summary
----------

CAUTION (success, with warnings) in the update of mux4_mux2_0_1 (xilinx.com:user:mux2:1.0 (Rev. 2)) to current project options.

After upgrade, an IP may have parameter and port differences compared to the original customization. Please review the parameters within the IP customization GUI to ensure proper functionality. Also, please review the updated IP instantiation template to ensure proper connectivity, and update your design if required.

2. Connection Warnings
----------------------

Detected external port differences while upgrading 'mux4_mux2_0_1'. These changes may impact your design.


-Upgrade has renamed port 'a' as 'A'

-Upgrade has renamed port 'b' as 'B'

-Upgrade has removed port 'out'

-Upgrade has removed port 'sl'

-Upgrade has added port 'S'

-Upgrade has added port 'Y'







Copyright 1986-2022 Xilinx, Inc. All Rights Reserved. Copyright 2022-2024 Advanced Micro Devices, Inc. All Rights Reserved.
---------------------------------------------------------------------------------------------------------------------------------------------
| Tool Version : Vivado v.2024.1 (win64) Build 5076996 Wed May 22 18:37:14 MDT 2024
| Date         : Thu Jul 11 13:45:43 2024
| Host         : DESKTOP-0M9PCUG running 64-bit major release  (build 9200)
| Command      : upgrade_ip
| Device       : xc7z020clg484-2
---------------------------------------------------------------------------------------------------------------------------------------------

Upgrade Log for IP 'mux4_mux2_0_0'

1. Summary
----------

CAUTION (success, with warnings) in the update of mux4_mux2_0_0 (xilinx.com:user:mux2:1.0 (Rev. 2)) to current project options.

After upgrade, an IP may have parameter and port differences compared to the original customization. Please review the parameters within the IP customization GUI to ensure proper functionality. Also, please review the updated IP instantiation template to ensure proper connectivity, and update your design if required.

2. Connection Warnings
----------------------

Detected external port differences while upgrading 'mux4_mux2_0_0'. These changes may impact your design.


-Upgrade has renamed port 'a' as 'A'

-Upgrade has renamed port 'b' as 'B'

-Upgrade has removed port 'out'

-Upgrade has removed port 'sl'

-Upgrade has added port 'S'

-Upgrade has added port 'Y'


