INFO: [VRFC 10-2263] Analyzing Verilog file "D:/MyCode/hd2/Exp5/Exp5.srcs/sources_1/new/Exp5.v" into library xil_defaultlib
INFO: [VRFC 10-311] analyzing module Exp5
INFO: [VRFC 10-311] analyzing module CONUNIT
INFO: [VRFC 10-311] analyzing module REGFILE
INFO: [VRFC 10-311] analyzing module REG8X32
INFO: [VRFC 10-311] analyzing module DEC3T8E
INFO: [VRFC 10-311] analyzing module SHIFTER32
INFO: [VRFC 10-311] analyzing module ALU
INFO: [VRFC 10-311] analyzing module ADDSUB32
INFO: [VRFC 10-311] analyzing module ANDOR32
INFO: [VRFC 10-311] analyzing module MUX8X32
INFO: [VRFC 10-311] analyzing module MUX2X32
INFO: [VRFC 10-311] analyzing module EXT16T32
INFO: [VRFC 10-311] analyzing module MUX2X5
INFO: [VRFC 10-311] analyzing module MUX4X32
INFO: [VRFC 10-311] analyzing module SHIFTER_COMBINATION
INFO: [VRFC 10-311] analyzing module SHIFTER32_L2
INFO: [VRFC 10-311] analyzing module DATAMEM
INFO: [VRFC 10-311] analyzing module INSTMEM
INFO: [VRFC 10-311] analyzing module PC
INFO: [VRFC 10-311] analyzing module PCadd4
INFO: [VRFC 10-311] analyzing module CLA_32
INFO: [VRFC 10-2263] Analyzing Verilog file "D:/MyCode/hd2/Exp5/Exp5.srcs/sim_1/new/Exp5_tb.v" into library xil_defaultlib
INFO: [VRFC 10-311] analyzing module Exp5_tb
